<?xml version="1.0" encoding="UTF-8"?>
<!-- Generated by org.testng.reporters.JUnitXMLReporter -->
<testsuite hostname="Deepak" name="Test" tests="6" failures="0" timestamp="21 Oct 2019 15:26:55 GMT" time="10.678" errors="0">
  <testcase name="verifyname" time="0.115" classname="practice.api.Categories"/>
  <testcase name="verifyCanRelist" time="0.012" classname="practice.api.Categories"/>
  <testcase name="verifyPromotionsdata" time="0.012" classname="practice.api.Categories"/>
  <testcase name="verifyname" time="0.02" classname="practice.api.Categories2"/>
  <testcase name="verifyCanRelist" time="0.018" classname="practice.api.Categories2"/>
  <testcase name="verifyPromotionsdata" time="0.009" classname="practice.api.Categories2"/>
</testsuite> <!-- Test -->
