<?xml version="1.0" encoding="UTF-8"?>
<testng-results skipped="0" failed="0" total="6" passed="6">
  <reporter-output>
  </reporter-output>
  <suite name="Suite" duration-ms="10678" started-at="2019-10-21T15:26:45Z" finished-at="2019-10-21T15:26:55Z">
    <groups>
    </groups>
    <test name="Test" duration-ms="10678" started-at="2019-10-21T15:26:45Z" finished-at="2019-10-21T15:26:55Z">
      <class name="practice.api.Categories">
        <test-method status="PASS" signature="InitialSetup()[pri:0, instance:practice.api.Categories@5e5792a0]" name="InitialSetup" is-config="true" duration-ms="417" started-at="2019-10-21T20:56:44Z" finished-at="2019-10-21T20:56:45Z">
          <reporter-output>
          </reporter-output>
        </test-method> <!-- InitialSetup -->
        <test-method status="PASS" signature="setup()[pri:0, instance:practice.api.Categories@5e5792a0]" name="setup" is-config="true" duration-ms="7333" started-at="2019-10-21T20:56:45Z" finished-at="2019-10-21T20:56:52Z">
          <reporter-output>
          </reporter-output>
        </test-method> <!-- setup -->
        <test-method status="PASS" signature="verifyname()[pri:1, instance:practice.api.Categories@5e5792a0]" name="verifyname" duration-ms="115" started-at="2019-10-21T20:56:52Z" description="Verify that Name contains Carbon credits" finished-at="2019-10-21T20:56:52Z">
          <reporter-output>
          </reporter-output>
        </test-method> <!-- verifyname -->
        <test-method status="PASS" signature="getResult(org.testng.ITestResult)[pri:0, instance:practice.api.Categories@5e5792a0]" name="getResult" is-config="true" duration-ms="10" started-at="2019-10-21T20:56:52Z" finished-at="2019-10-21T20:56:52Z">
          <params>
            <param index="0">
              <value>
                <![CDATA[[TestResult name=verifyname status=SUCCESS method=Categories.verifyname()[pri:1, instance:practice.api.Categories@5e5792a0] output={null}]]]>
              </value>
            </param>
          </params>
          <reporter-output>
          </reporter-output>
        </test-method> <!-- getResult -->
        <test-method status="PASS" signature="verifyCanRelist()[pri:2, instance:practice.api.Categories@5e5792a0]" name="verifyCanRelist" duration-ms="12" started-at="2019-10-21T20:56:52Z" description="Verify that CanRelist contains true value " finished-at="2019-10-21T20:56:52Z">
          <reporter-output>
          </reporter-output>
        </test-method> <!-- verifyCanRelist -->
        <test-method status="PASS" signature="getResult(org.testng.ITestResult)[pri:0, instance:practice.api.Categories@5e5792a0]" name="getResult" is-config="true" duration-ms="1" started-at="2019-10-21T20:56:52Z" finished-at="2019-10-21T20:56:52Z">
          <params>
            <param index="0">
              <value>
                <![CDATA[[TestResult name=verifyCanRelist status=SUCCESS method=Categories.verifyCanRelist()[pri:2, instance:practice.api.Categories@5e5792a0] output={null}]]]>
              </value>
            </param>
          </params>
          <reporter-output>
          </reporter-output>
        </test-method> <!-- getResult -->
        <test-method status="PASS" signature="verifyPromotionsdata()[pri:3, instance:practice.api.Categories@5e5792a0]" name="verifyPromotionsdata" duration-ms="12" started-at="2019-10-21T20:56:52Z" description="The Promotions element with Name contains Gallery has a Description that contains the text 2x larger image" finished-at="2019-10-21T20:56:52Z">
          <reporter-output>
          </reporter-output>
        </test-method> <!-- verifyPromotionsdata -->
        <test-method status="PASS" signature="getResult(org.testng.ITestResult)[pri:0, instance:practice.api.Categories@5e5792a0]" name="getResult" is-config="true" duration-ms="1" started-at="2019-10-21T20:56:52Z" finished-at="2019-10-21T20:56:52Z">
          <params>
            <param index="0">
              <value>
                <![CDATA[[TestResult name=verifyPromotionsdata status=SUCCESS method=Categories.verifyPromotionsdata()[pri:3, instance:practice.api.Categories@5e5792a0] output={null}]]]>
              </value>
            </param>
          </params>
          <reporter-output>
          </reporter-output>
        </test-method> <!-- getResult -->
        <test-method status="PASS" signature="endReport()[pri:0, instance:practice.api.Categories@5e5792a0]" name="endReport" is-config="true" duration-ms="1192" started-at="2019-10-21T20:56:54Z" finished-at="2019-10-21T20:56:55Z">
          <reporter-output>
          </reporter-output>
        </test-method> <!-- endReport -->
      </class> <!-- practice.api.Categories -->
      <class name="practice.api.Categories2">
        <test-method status="PASS" signature="setup()[pri:0, instance:practice.api.Categories2@26653222]" name="setup" is-config="true" duration-ms="1800" started-at="2019-10-21T20:56:52Z" finished-at="2019-10-21T20:56:54Z">
          <reporter-output>
          </reporter-output>
        </test-method> <!-- setup -->
        <test-method status="PASS" signature="verifyname()[pri:1, instance:practice.api.Categories2@26653222]" name="verifyname" duration-ms="20" started-at="2019-10-21T20:56:54Z" description="Verify that Name contains Carbon credits" finished-at="2019-10-21T20:56:54Z">
          <reporter-output>
          </reporter-output>
        </test-method> <!-- verifyname -->
        <test-method status="PASS" signature="getResult(org.testng.ITestResult)[pri:0, instance:practice.api.Categories2@26653222]" name="getResult" is-config="true" duration-ms="1" started-at="2019-10-21T20:56:54Z" finished-at="2019-10-21T20:56:54Z">
          <params>
            <param index="0">
              <value>
                <![CDATA[[TestResult name=verifyname status=SUCCESS method=Categories2.verifyname()[pri:1, instance:practice.api.Categories2@26653222] output={null}]]]>
              </value>
            </param>
          </params>
          <reporter-output>
          </reporter-output>
        </test-method> <!-- getResult -->
        <test-method status="PASS" signature="verifyCanRelist()[pri:2, instance:practice.api.Categories2@26653222]" name="verifyCanRelist" duration-ms="18" started-at="2019-10-21T20:56:54Z" description="Verify that CanRelist contains true value " finished-at="2019-10-21T20:56:54Z">
          <reporter-output>
          </reporter-output>
        </test-method> <!-- verifyCanRelist -->
        <test-method status="PASS" signature="getResult(org.testng.ITestResult)[pri:0, instance:practice.api.Categories2@26653222]" name="getResult" is-config="true" duration-ms="9" started-at="2019-10-21T20:56:54Z" finished-at="2019-10-21T20:56:54Z">
          <params>
            <param index="0">
              <value>
                <![CDATA[[TestResult name=verifyCanRelist status=SUCCESS method=Categories2.verifyCanRelist()[pri:2, instance:practice.api.Categories2@26653222] output={null}]]]>
              </value>
            </param>
          </params>
          <reporter-output>
          </reporter-output>
        </test-method> <!-- getResult -->
        <test-method status="PASS" signature="verifyPromotionsdata()[pri:3, instance:practice.api.Categories2@26653222]" name="verifyPromotionsdata" duration-ms="9" started-at="2019-10-21T20:56:54Z" description="The Promotions element with Name contains Gallery has a Description that contains the text 2x larger image" finished-at="2019-10-21T20:56:54Z">
          <reporter-output>
          </reporter-output>
        </test-method> <!-- verifyPromotionsdata -->
        <test-method status="PASS" signature="getResult(org.testng.ITestResult)[pri:0, instance:practice.api.Categories2@26653222]" name="getResult" is-config="true" duration-ms="1" started-at="2019-10-21T20:56:54Z" finished-at="2019-10-21T20:56:54Z">
          <params>
            <param index="0">
              <value>
                <![CDATA[[TestResult name=verifyPromotionsdata status=SUCCESS method=Categories2.verifyPromotionsdata()[pri:3, instance:practice.api.Categories2@26653222] output={null}]]]>
              </value>
            </param>
          </params>
          <reporter-output>
          </reporter-output>
        </test-method> <!-- getResult -->
      </class> <!-- practice.api.Categories2 -->
    </test> <!-- Test -->
  </suite> <!-- Suite -->
</testng-results>
