<?xml version="1.0" encoding="UTF-8"?>
<!-- Generated by org.testng.reporters.JUnitXMLReporter -->
<testsuite hostname="Deepak" name="Default test" tests="3" failures="0" timestamp="21 Oct 2019 11:16:06 GMT" time="10.837" errors="0">
  <testcase name="verifyname" time="1.326" classname="practice.api.Categories"/>
  <testcase name="verifyCanRelist" time="0.136" classname="practice.api.Categories"/>
  <testcase name="verifyPromotionsdata" time="0.053" classname="practice.api.Categories"/>
</testsuite> <!-- Default test -->
